--------------------------------------------------------------------------------
ROSMOD::DEBUG::1436820100748423589::CALLBACK INVOKED::Alias=Init_Timer, Priority=50, Deadline sec=0, nsec=400000
ROSMOD::DEBUG::1436820100748477517::CALLBACK INVOKED::Alias=Sporadic_Timer, Priority=50, Deadline sec=0, nsec=400000
ROSMOD::DEBUG::1436820101748744731::CALLBACK ENQUEUE::Alias=Periodic_Timer, Priority=50, Deadline sec=0, nsec=400000
ROSMOD::DEBUG::1436820101748793498::CALLBACK INVOKED::Alias=Periodic_Timer, Priority=50, Deadline sec=0, nsec=400000
ROSMOD::DEBUG::1436820102749095353::CALLBACK ENQUEUE::Alias=Periodic_Timer, Priority=50, Deadline sec=0, nsec=400000
ROSMOD::DEBUG::1436820102749162578::CALLBACK INVOKED::Alias=Periodic_Timer, Priority=50, Deadline sec=0, nsec=400000
ROSMOD::DEBUG::1436820103748403952::CALLBACK ENQUEUE::Alias=Periodic_Timer, Priority=50, Deadline sec=0, nsec=400000
ROSMOD::DEBUG::1436820103748547586::CALLBACK INVOKED::Alias=Periodic_Timer, Priority=50, Deadline sec=0, nsec=400000
ROSMOD::DEBUG::1436820104748970783::CALLBACK ENQUEUE::Alias=Periodic_Timer, Priority=50, Deadline sec=0, nsec=400000
ROSMOD::DEBUG::1436820104749072799::CALLBACK INVOKED::Alias=Periodic_Timer, Priority=50, Deadline sec=0, nsec=400000
ROSMOD::DEBUG::1436820105748233318::CALLBACK ENQUEUE::Alias=Periodic_Timer, Priority=50, Deadline sec=0, nsec=400000
ROSMOD::DEBUG::1436820105748348058::CALLBACK INVOKED::Alias=Periodic_Timer, Priority=50, Deadline sec=0, nsec=400000
ROSMOD::DEBUG::1436820106748630187::CALLBACK ENQUEUE::Alias=Periodic_Timer, Priority=50, Deadline sec=0, nsec=400000
ROSMOD::DEBUG::1436820106748687183::CALLBACK INVOKED::Alias=Periodic_Timer, Priority=50, Deadline sec=0, nsec=400000
ROSMOD::DEBUG::1436820107749012871::CALLBACK ENQUEUE::Alias=Periodic_Timer, Priority=50, Deadline sec=0, nsec=400000
ROSMOD::DEBUG::1436820107749090942::CALLBACK INVOKED::Alias=Periodic_Timer, Priority=50, Deadline sec=0, nsec=400000
ROSMOD::DEBUG::1436820108748465532::CALLBACK ENQUEUE::Alias=Periodic_Timer, Priority=50, Deadline sec=0, nsec=400000
ROSMOD::DEBUG::1436820108748680850::CALLBACK INVOKED::Alias=Periodic_Timer, Priority=50, Deadline sec=0, nsec=400000
ROSMOD::DEBUG::1436820109748867622::CALLBACK ENQUEUE::Alias=Periodic_Timer, Priority=50, Deadline sec=0, nsec=400000
ROSMOD::DEBUG::1436820109748942658::CALLBACK INVOKED::Alias=Periodic_Timer, Priority=50, Deadline sec=0, nsec=400000
ROSMOD::DEBUG::1436820110748130539::CALLBACK ENQUEUE::Alias=Periodic_Timer, Priority=50, Deadline sec=0, nsec=400000
ROSMOD::DEBUG::1436820110748197278::CALLBACK INVOKED::Alias=Periodic_Timer, Priority=50, Deadline sec=0, nsec=400000
ROSMOD::DEBUG::1436820111748461000::CALLBACK ENQUEUE::Alias=Periodic_Timer, Priority=50, Deadline sec=0, nsec=400000
ROSMOD::DEBUG::1436820111748526865::CALLBACK INVOKED::Alias=Periodic_Timer, Priority=50, Deadline sec=0, nsec=400000
ROSMOD::DEBUG::1436820112748882390::CALLBACK ENQUEUE::Alias=Periodic_Timer, Priority=50, Deadline sec=0, nsec=400000
ROSMOD::DEBUG::1436820112748994187::CALLBACK INVOKED::Alias=Periodic_Timer, Priority=50, Deadline sec=0, nsec=400000
ROSMOD::DEBUG::1436820113748259764::CALLBACK ENQUEUE::Alias=Periodic_Timer, Priority=50, Deadline sec=0, nsec=400000
ROSMOD::DEBUG::1436820113748396195::CALLBACK INVOKED::Alias=Periodic_Timer, Priority=50, Deadline sec=0, nsec=400000
ROSMOD::DEBUG::1436820114748713088::CALLBACK ENQUEUE::Alias=Periodic_Timer, Priority=50, Deadline sec=0, nsec=400000
ROSMOD::DEBUG::1436820114748794417::CALLBACK INVOKED::Alias=Periodic_Timer, Priority=50, Deadline sec=0, nsec=400000
ROSMOD::DEBUG::1436820115749046165::CALLBACK ENQUEUE::Alias=Periodic_Timer, Priority=50, Deadline sec=0, nsec=400000
ROSMOD::DEBUG::1436820115749112046::CALLBACK INVOKED::Alias=Periodic_Timer, Priority=50, Deadline sec=0, nsec=400000
ROSMOD::DEBUG::1436820116748450167::CALLBACK ENQUEUE::Alias=Periodic_Timer, Priority=50, Deadline sec=0, nsec=400000
ROSMOD::DEBUG::1436820116748508432::CALLBACK INVOKED::Alias=Periodic_Timer, Priority=50, Deadline sec=0, nsec=400000
ROSMOD::DEBUG::1436820117748863828::CALLBACK ENQUEUE::Alias=Periodic_Timer, Priority=50, Deadline sec=0, nsec=400000
ROSMOD::DEBUG::1436820117749091029::CALLBACK INVOKED::Alias=Periodic_Timer, Priority=50, Deadline sec=0, nsec=400000
ROSMOD::DEBUG::1436820118748259835::CALLBACK ENQUEUE::Alias=Periodic_Timer, Priority=50, Deadline sec=0, nsec=400000
ROSMOD::DEBUG::1436820118748397959::CALLBACK INVOKED::Alias=Periodic_Timer, Priority=50, Deadline sec=0, nsec=400000
ROSMOD::DEBUG::1436820119748674499::CALLBACK ENQUEUE::Alias=Periodic_Timer, Priority=50, Deadline sec=0, nsec=400000
ROSMOD::DEBUG::1436820119748745321::CALLBACK INVOKED::Alias=Periodic_Timer, Priority=50, Deadline sec=0, nsec=400000
ROSMOD::DEBUG::1436820120749059806::CALLBACK ENQUEUE::Alias=Periodic_Timer, Priority=50, Deadline sec=0, nsec=400000
ROSMOD::DEBUG::1436820120749196156::CALLBACK INVOKED::Alias=Periodic_Timer, Priority=50, Deadline sec=0, nsec=400000
ROSMOD::DEBUG::1436820121748534439::CALLBACK ENQUEUE::Alias=Periodic_Timer, Priority=50, Deadline sec=0, nsec=400000
ROSMOD::DEBUG::1436820121748671897::CALLBACK INVOKED::Alias=Periodic_Timer, Priority=50, Deadline sec=0, nsec=400000
ROSMOD::DEBUG::1436820122749016388::CALLBACK ENQUEUE::Alias=Periodic_Timer, Priority=50, Deadline sec=0, nsec=400000
ROSMOD::DEBUG::1436820122749089977::CALLBACK INVOKED::Alias=Periodic_Timer, Priority=50, Deadline sec=0, nsec=400000
ROSMOD::DEBUG::1436820123748374259::CALLBACK ENQUEUE::Alias=Periodic_Timer, Priority=50, Deadline sec=0, nsec=400000
ROSMOD::DEBUG::1436820123748478149::CALLBACK INVOKED::Alias=Periodic_Timer, Priority=50, Deadline sec=0, nsec=400000
ROSMOD::DEBUG::1436820124748806697::CALLBACK ENQUEUE::Alias=Periodic_Timer, Priority=50, Deadline sec=0, nsec=400000
ROSMOD::DEBUG::1436820124748885136::CALLBACK INVOKED::Alias=Periodic_Timer, Priority=50, Deadline sec=0, nsec=400000
ROSMOD::DEBUG::1436820125749168107::CALLBACK ENQUEUE::Alias=Periodic_Timer, Priority=50, Deadline sec=0, nsec=400000
ROSMOD::DEBUG::1436820125749247345::CALLBACK INVOKED::Alias=Periodic_Timer, Priority=50, Deadline sec=0, nsec=400000
ROSMOD::DEBUG::1436820126748505867::CALLBACK ENQUEUE::Alias=Periodic_Timer, Priority=50, Deadline sec=0, nsec=400000
ROSMOD::DEBUG::1436820126748612908::CALLBACK INVOKED::Alias=Periodic_Timer, Priority=50, Deadline sec=0, nsec=400000
ROSMOD::DEBUG::1436820127748851462::CALLBACK ENQUEUE::Alias=Periodic_Timer, Priority=50, Deadline sec=0, nsec=400000
ROSMOD::DEBUG::1436820127748915002::CALLBACK INVOKED::Alias=Periodic_Timer, Priority=50, Deadline sec=0, nsec=400000
ROSMOD::DEBUG::1436820128749196687::CALLBACK ENQUEUE::Alias=Periodic_Timer, Priority=50, Deadline sec=0, nsec=400000
ROSMOD::DEBUG::1436820128749240020::CALLBACK INVOKED::Alias=Periodic_Timer, Priority=50, Deadline sec=0, nsec=400000
ROSMOD::DEBUG::1436820129748536140::CALLBACK ENQUEUE::Alias=Periodic_Timer, Priority=50, Deadline sec=0, nsec=400000
ROSMOD::DEBUG::1436820129748685365::CALLBACK INVOKED::Alias=Periodic_Timer, Priority=50, Deadline sec=0, nsec=400000
ROSMOD::DEBUG::1436820130748913704::CALLBACK ENQUEUE::Alias=Periodic_Timer, Priority=50, Deadline sec=0, nsec=400000
ROSMOD::DEBUG::1436820130748990405::CALLBACK INVOKED::Alias=Periodic_Timer, Priority=50, Deadline sec=0, nsec=400000
ROSMOD::DEBUG::1436820131748260039::CALLBACK ENQUEUE::Alias=Periodic_Timer, Priority=50, Deadline sec=0, nsec=400000
ROSMOD::DEBUG::1436820131748424911::CALLBACK INVOKED::Alias=Periodic_Timer, Priority=50, Deadline sec=0, nsec=400000
ROSMOD::DEBUG::1436820132748842734::CALLBACK ENQUEUE::Alias=Periodic_Timer, Priority=50, Deadline sec=0, nsec=400000
ROSMOD::DEBUG::1436820132748908464::CALLBACK INVOKED::Alias=Periodic_Timer, Priority=50, Deadline sec=0, nsec=400000
ROSMOD::DEBUG::1436820133749256241::CALLBACK ENQUEUE::Alias=Periodic_Timer, Priority=50, Deadline sec=0, nsec=400000
ROSMOD::DEBUG::1436820133749393894::CALLBACK INVOKED::Alias=Periodic_Timer, Priority=50, Deadline sec=0, nsec=400000
ROSMOD::DEBUG::1436820134748689255::CALLBACK ENQUEUE::Alias=Periodic_Timer, Priority=50, Deadline sec=0, nsec=400000
ROSMOD::DEBUG::1436820134748758829::CALLBACK INVOKED::Alias=Periodic_Timer, Priority=50, Deadline sec=0, nsec=400000
ROSMOD::DEBUG::1436820135748992268::CALLBACK ENQUEUE::Alias=Periodic_Timer, Priority=50, Deadline sec=0, nsec=400000
ROSMOD::DEBUG::1436820135749080442::CALLBACK INVOKED::Alias=Periodic_Timer, Priority=50, Deadline sec=0, nsec=400000
ROSMOD::DEBUG::1436820136748203822::CALLBACK ENQUEUE::Alias=Periodic_Timer, Priority=50, Deadline sec=0, nsec=400000
ROSMOD::DEBUG::1436820136748252372::CALLBACK INVOKED::Alias=Periodic_Timer, Priority=50, Deadline sec=0, nsec=400000
ROSMOD::DEBUG::1436820137748555184::CALLBACK ENQUEUE::Alias=Periodic_Timer, Priority=50, Deadline sec=0, nsec=400000
ROSMOD::DEBUG::1436820137748691719::CALLBACK INVOKED::Alias=Periodic_Timer, Priority=50, Deadline sec=0, nsec=400000
ROSMOD::DEBUG::1436820138748971914::CALLBACK ENQUEUE::Alias=Periodic_Timer, Priority=50, Deadline sec=0, nsec=400000
ROSMOD::DEBUG::1436820138749016621::CALLBACK INVOKED::Alias=Periodic_Timer, Priority=50, Deadline sec=0, nsec=400000
ROSMOD::DEBUG::1436820139748151947::CALLBACK ENQUEUE::Alias=Periodic_Timer, Priority=50, Deadline sec=0, nsec=400000
ROSMOD::DEBUG::1436820139748205191::CALLBACK INVOKED::Alias=Periodic_Timer, Priority=50, Deadline sec=0, nsec=400000
ROSMOD::DEBUG::1436820140748602092::CALLBACK ENQUEUE::Alias=Periodic_Timer, Priority=50, Deadline sec=0, nsec=400000
ROSMOD::DEBUG::1436820140748726474::CALLBACK INVOKED::Alias=Periodic_Timer, Priority=50, Deadline sec=0, nsec=400000
ROSMOD::DEBUG::1436820141749067062::CALLBACK ENQUEUE::Alias=Periodic_Timer, Priority=50, Deadline sec=0, nsec=400000
ROSMOD::DEBUG::1436820141749183626::CALLBACK INVOKED::Alias=Periodic_Timer, Priority=50, Deadline sec=0, nsec=400000
ROSMOD::DEBUG::1436820142748466485::CALLBACK ENQUEUE::Alias=Periodic_Timer, Priority=50, Deadline sec=0, nsec=400000
ROSMOD::DEBUG::1436820142748524300::CALLBACK INVOKED::Alias=Periodic_Timer, Priority=50, Deadline sec=0, nsec=400000
ROSMOD::DEBUG::1436820143748766336::CALLBACK ENQUEUE::Alias=Periodic_Timer, Priority=50, Deadline sec=0, nsec=400000
ROSMOD::DEBUG::1436820143748850691::CALLBACK INVOKED::Alias=Periodic_Timer, Priority=50, Deadline sec=0, nsec=400000
ROSMOD::DEBUG::1436820144749157674::CALLBACK ENQUEUE::Alias=Periodic_Timer, Priority=50, Deadline sec=0, nsec=400000
ROSMOD::DEBUG::1436820144749257482::CALLBACK INVOKED::Alias=Periodic_Timer, Priority=50, Deadline sec=0, nsec=400000
ROSMOD::DEBUG::1436820145748490665::CALLBACK ENQUEUE::Alias=Periodic_Timer, Priority=50, Deadline sec=0, nsec=400000
ROSMOD::DEBUG::1436820145748554592::CALLBACK INVOKED::Alias=Periodic_Timer, Priority=50, Deadline sec=0, nsec=400000
ROSMOD::DEBUG::1436820146748854995::CALLBACK ENQUEUE::Alias=Periodic_Timer, Priority=50, Deadline sec=0, nsec=400000
ROSMOD::DEBUG::1436820146748900317::CALLBACK INVOKED::Alias=Periodic_Timer, Priority=50, Deadline sec=0, nsec=400000
ROSMOD::DEBUG::1436820147749154020::CALLBACK ENQUEUE::Alias=Periodic_Timer, Priority=50, Deadline sec=0, nsec=400000
ROSMOD::DEBUG::1436820147749223361::CALLBACK INVOKED::Alias=Periodic_Timer, Priority=50, Deadline sec=0, nsec=400000
ROSMOD::DEBUG::1436820148748522034::CALLBACK ENQUEUE::Alias=Periodic_Timer, Priority=50, Deadline sec=0, nsec=400000
ROSMOD::DEBUG::1436820148748579793::CALLBACK INVOKED::Alias=Periodic_Timer, Priority=50, Deadline sec=0, nsec=400000
ROSMOD::DEBUG::1436820149748981946::CALLBACK ENQUEUE::Alias=Periodic_Timer, Priority=50, Deadline sec=0, nsec=400000
ROSMOD::DEBUG::1436820149749105387::CALLBACK INVOKED::Alias=Periodic_Timer, Priority=50, Deadline sec=0, nsec=400000
ROSMOD::DEBUG::1436820150748388743::CALLBACK ENQUEUE::Alias=Periodic_Timer, Priority=50, Deadline sec=0, nsec=400000
ROSMOD::DEBUG::1436820150748454760::CALLBACK INVOKED::Alias=Periodic_Timer, Priority=50, Deadline sec=0, nsec=400000
ROSMOD::DEBUG::1436820151748763824::CALLBACK ENQUEUE::Alias=Periodic_Timer, Priority=50, Deadline sec=0, nsec=400000
ROSMOD::DEBUG::1436820151748874592::CALLBACK INVOKED::Alias=Periodic_Timer, Priority=50, Deadline sec=0, nsec=400000
ROSMOD::DEBUG::1436820152749181840::CALLBACK ENQUEUE::Alias=Periodic_Timer, Priority=50, Deadline sec=0, nsec=400000
ROSMOD::DEBUG::1436820152749235892::CALLBACK INVOKED::Alias=Periodic_Timer, Priority=50, Deadline sec=0, nsec=400000
ROSMOD::DEBUG::1436820153748484864::CALLBACK ENQUEUE::Alias=Periodic_Timer, Priority=50, Deadline sec=0, nsec=400000
ROSMOD::DEBUG::1436820153748625907::CALLBACK INVOKED::Alias=Periodic_Timer, Priority=50, Deadline sec=0, nsec=400000
ROSMOD::DEBUG::1436820154748951858::CALLBACK ENQUEUE::Alias=Periodic_Timer, Priority=50, Deadline sec=0, nsec=400000
ROSMOD::DEBUG::1436820154749139508::CALLBACK INVOKED::Alias=Periodic_Timer, Priority=50, Deadline sec=0, nsec=400000
ROSMOD::DEBUG::1436820155748450224::CALLBACK ENQUEUE::Alias=Periodic_Timer, Priority=50, Deadline sec=0, nsec=400000
ROSMOD::DEBUG::1436820155748586219::CALLBACK INVOKED::Alias=Periodic_Timer, Priority=50, Deadline sec=0, nsec=400000
ROSMOD::DEBUG::1436820156748884919::CALLBACK ENQUEUE::Alias=Periodic_Timer, Priority=50, Deadline sec=0, nsec=400000
ROSMOD::DEBUG::1436820156748950089::CALLBACK INVOKED::Alias=Periodic_Timer, Priority=50, Deadline sec=0, nsec=400000
ROSMOD::DEBUG::1436820157748137200::CALLBACK ENQUEUE::Alias=Periodic_Timer, Priority=50, Deadline sec=0, nsec=400000
ROSMOD::DEBUG::1436820157748245220::CALLBACK INVOKED::Alias=Periodic_Timer, Priority=50, Deadline sec=0, nsec=400000
ROSMOD::DEBUG::1436820158748676064::CALLBACK ENQUEUE::Alias=Periodic_Timer, Priority=50, Deadline sec=0, nsec=400000
ROSMOD::DEBUG::1436820158748796588::CALLBACK INVOKED::Alias=Periodic_Timer, Priority=50, Deadline sec=0, nsec=400000
ROSMOD::DEBUG::1436820159749194110::CALLBACK ENQUEUE::Alias=Periodic_Timer, Priority=50, Deadline sec=0, nsec=400000
ROSMOD::DEBUG::1436820159749396698::CALLBACK INVOKED::Alias=Periodic_Timer, Priority=50, Deadline sec=0, nsec=400000
ROSMOD::DEBUG::1436820160748688594::CALLBACK ENQUEUE::Alias=Periodic_Timer, Priority=50, Deadline sec=0, nsec=400000
ROSMOD::DEBUG::1436820160748732778::CALLBACK INVOKED::Alias=Periodic_Timer, Priority=50, Deadline sec=0, nsec=400000
ROSMOD::DEBUG::1436820161749058719::CALLBACK ENQUEUE::Alias=Periodic_Timer, Priority=50, Deadline sec=0, nsec=400000
ROSMOD::DEBUG::1436820161749199665::CALLBACK INVOKED::Alias=Periodic_Timer, Priority=50, Deadline sec=0, nsec=400000
ROSMOD::DEBUG::1436820162748526562::CALLBACK ENQUEUE::Alias=Periodic_Timer, Priority=50, Deadline sec=0, nsec=400000
ROSMOD::DEBUG::1436820162748616885::CALLBACK INVOKED::Alias=Periodic_Timer, Priority=50, Deadline sec=0, nsec=400000
ROSMOD::DEBUG::1436820163748846219::CALLBACK ENQUEUE::Alias=Periodic_Timer, Priority=50, Deadline sec=0, nsec=400000
ROSMOD::DEBUG::1436820163748912544::CALLBACK INVOKED::Alias=Periodic_Timer, Priority=50, Deadline sec=0, nsec=400000
ROSMOD::DEBUG::1436820164749245510::CALLBACK ENQUEUE::Alias=Periodic_Timer, Priority=50, Deadline sec=0, nsec=400000
ROSMOD::DEBUG::1436820164749375145::CALLBACK INVOKED::Alias=Periodic_Timer, Priority=50, Deadline sec=0, nsec=400000
ROSMOD::DEBUG::1436820165748617512::CALLBACK ENQUEUE::Alias=Periodic_Timer, Priority=50, Deadline sec=0, nsec=400000
ROSMOD::DEBUG::1436820165748682030::CALLBACK INVOKED::Alias=Periodic_Timer, Priority=50, Deadline sec=0, nsec=400000
ROSMOD::DEBUG::1436820166748952525::CALLBACK ENQUEUE::Alias=Periodic_Timer, Priority=50, Deadline sec=0, nsec=400000
ROSMOD::DEBUG::1436820166749002075::CALLBACK INVOKED::Alias=Periodic_Timer, Priority=50, Deadline sec=0, nsec=400000
ROSMOD::DEBUG::1436820167748249741::CALLBACK ENQUEUE::Alias=Periodic_Timer, Priority=50, Deadline sec=0, nsec=400000
ROSMOD::DEBUG::1436820167748412608::CALLBACK INVOKED::Alias=Periodic_Timer, Priority=50, Deadline sec=0, nsec=400000
ROSMOD::DEBUG::1436820168748726856::CALLBACK ENQUEUE::Alias=Periodic_Timer, Priority=50, Deadline sec=0, nsec=400000
ROSMOD::DEBUG::1436820168748831984::CALLBACK INVOKED::Alias=Periodic_Timer, Priority=50, Deadline sec=0, nsec=400000
ROSMOD::DEBUG::1436820169749033051::CALLBACK ENQUEUE::Alias=Periodic_Timer, Priority=50, Deadline sec=0, nsec=400000
ROSMOD::DEBUG::1436820169749112696::CALLBACK INVOKED::Alias=Periodic_Timer, Priority=50, Deadline sec=0, nsec=400000
ROSMOD::DEBUG::1436820170748500297::CALLBACK ENQUEUE::Alias=Periodic_Timer, Priority=50, Deadline sec=0, nsec=400000
ROSMOD::DEBUG::1436820170748634021::CALLBACK INVOKED::Alias=Periodic_Timer, Priority=50, Deadline sec=0, nsec=400000
ROSMOD::DEBUG::1436820171748975208::CALLBACK ENQUEUE::Alias=Periodic_Timer, Priority=50, Deadline sec=0, nsec=400000
ROSMOD::DEBUG::1436820171749198419::CALLBACK INVOKED::Alias=Periodic_Timer, Priority=50, Deadline sec=0, nsec=400000
ROSMOD::DEBUG::1436820172748489001::CALLBACK ENQUEUE::Alias=Periodic_Timer, Priority=50, Deadline sec=0, nsec=400000
ROSMOD::DEBUG::1436820172748600340::CALLBACK INVOKED::Alias=Periodic_Timer, Priority=50, Deadline sec=0, nsec=400000
ROSMOD::DEBUG::1436820173748893451::CALLBACK ENQUEUE::Alias=Periodic_Timer, Priority=50, Deadline sec=0, nsec=400000
ROSMOD::DEBUG::1436820173749038171::CALLBACK INVOKED::Alias=Periodic_Timer, Priority=50, Deadline sec=0, nsec=400000
ROSMOD::DEBUG::1436820174748256118::CALLBACK ENQUEUE::Alias=Periodic_Timer, Priority=50, Deadline sec=0, nsec=400000
ROSMOD::DEBUG::1436820174748357421::CALLBACK INVOKED::Alias=Periodic_Timer, Priority=50, Deadline sec=0, nsec=400000
ROSMOD::DEBUG::1436820175748608108::CALLBACK ENQUEUE::Alias=Periodic_Timer, Priority=50, Deadline sec=0, nsec=400000
ROSMOD::DEBUG::1436820175748673262::CALLBACK INVOKED::Alias=Periodic_Timer, Priority=50, Deadline sec=0, nsec=400000
ROSMOD::DEBUG::1436820176749003085::CALLBACK ENQUEUE::Alias=Periodic_Timer, Priority=50, Deadline sec=0, nsec=400000
ROSMOD::DEBUG::1436820176749070735::CALLBACK INVOKED::Alias=Periodic_Timer, Priority=50, Deadline sec=0, nsec=400000
ROSMOD::DEBUG::1436820177748239804::CALLBACK ENQUEUE::Alias=Periodic_Timer, Priority=50, Deadline sec=0, nsec=400000
ROSMOD::DEBUG::1436820177748294438::CALLBACK INVOKED::Alias=Periodic_Timer, Priority=50, Deadline sec=0, nsec=400000
ROSMOD::DEBUG::1436820178748594816::CALLBACK ENQUEUE::Alias=Periodic_Timer, Priority=50, Deadline sec=0, nsec=400000
ROSMOD::DEBUG::1436820178748645256::CALLBACK INVOKED::Alias=Periodic_Timer, Priority=50, Deadline sec=0, nsec=400000
ROSMOD::DEBUG::1436820179748971463::CALLBACK ENQUEUE::Alias=Periodic_Timer, Priority=50, Deadline sec=0, nsec=400000
ROSMOD::DEBUG::1436820179749107176::CALLBACK INVOKED::Alias=Periodic_Timer, Priority=50, Deadline sec=0, nsec=400000
ROSMOD::DEBUG::1436820180748388759::CALLBACK ENQUEUE::Alias=Periodic_Timer, Priority=50, Deadline sec=0, nsec=400000
ROSMOD::DEBUG::1436820180748475844::CALLBACK INVOKED::Alias=Periodic_Timer, Priority=50, Deadline sec=0, nsec=400000
ROSMOD::DEBUG::1436820181748680311::CALLBACK ENQUEUE::Alias=Periodic_Timer, Priority=50, Deadline sec=0, nsec=400000
ROSMOD::DEBUG::1436820181748756959::CALLBACK INVOKED::Alias=Periodic_Timer, Priority=50, Deadline sec=0, nsec=400000
ROSMOD::DEBUG::1436820182749024812::CALLBACK ENQUEUE::Alias=Periodic_Timer, Priority=50, Deadline sec=0, nsec=400000
ROSMOD::DEBUG::1436820182749077821::CALLBACK INVOKED::Alias=Periodic_Timer, Priority=50, Deadline sec=0, nsec=400000
ROSMOD::DEBUG::1436820183748189502::CALLBACK ENQUEUE::Alias=Periodic_Timer, Priority=50, Deadline sec=0, nsec=400000
ROSMOD::DEBUG::1436820183748228087::CALLBACK INVOKED::Alias=Periodic_Timer, Priority=50, Deadline sec=0, nsec=400000
ROSMOD::DEBUG::1436820184748478392::CALLBACK ENQUEUE::Alias=Periodic_Timer, Priority=50, Deadline sec=0, nsec=400000
ROSMOD::DEBUG::1436820184748546440::CALLBACK INVOKED::Alias=Periodic_Timer, Priority=50, Deadline sec=0, nsec=400000
ROSMOD::DEBUG::1436820185748826009::CALLBACK ENQUEUE::Alias=Periodic_Timer, Priority=50, Deadline sec=0, nsec=400000
ROSMOD::DEBUG::1436820185748892192::CALLBACK INVOKED::Alias=Periodic_Timer, Priority=50, Deadline sec=0, nsec=400000
ROSMOD::DEBUG::1436820186749175377::CALLBACK ENQUEUE::Alias=Periodic_Timer, Priority=50, Deadline sec=0, nsec=400000
ROSMOD::DEBUG::1436820186749228200::CALLBACK INVOKED::Alias=Periodic_Timer, Priority=50, Deadline sec=0, nsec=400000
ROSMOD::DEBUG::1436820187748548974::CALLBACK ENQUEUE::Alias=Periodic_Timer, Priority=50, Deadline sec=0, nsec=400000
ROSMOD::DEBUG::1436820187748684487::CALLBACK INVOKED::Alias=Periodic_Timer, Priority=50, Deadline sec=0, nsec=400000
ROSMOD::DEBUG::1436820188749062658::CALLBACK ENQUEUE::Alias=Periodic_Timer, Priority=50, Deadline sec=0, nsec=400000
ROSMOD::DEBUG::1436820188749112549::CALLBACK INVOKED::Alias=Periodic_Timer, Priority=50, Deadline sec=0, nsec=400000
ROSMOD::DEBUG::1436820189748421154::CALLBACK ENQUEUE::Alias=Periodic_Timer, Priority=50, Deadline sec=0, nsec=400000
ROSMOD::DEBUG::1436820189748695233::CALLBACK INVOKED::Alias=Periodic_Timer, Priority=50, Deadline sec=0, nsec=400000
ROSMOD::DEBUG::1436820190748937852::CALLBACK ENQUEUE::Alias=Periodic_Timer, Priority=50, Deadline sec=0, nsec=400000
ROSMOD::DEBUG::1436820190748982655::CALLBACK INVOKED::Alias=Periodic_Timer, Priority=50, Deadline sec=0, nsec=400000
ROSMOD::DEBUG::1436820191748119238::CALLBACK ENQUEUE::Alias=Periodic_Timer, Priority=50, Deadline sec=0, nsec=400000
ROSMOD::DEBUG::1436820191748183556::CALLBACK INVOKED::Alias=Periodic_Timer, Priority=50, Deadline sec=0, nsec=400000
ROSMOD::DEBUG::1436820192748483812::CALLBACK ENQUEUE::Alias=Periodic_Timer, Priority=50, Deadline sec=0, nsec=400000
ROSMOD::DEBUG::1436820192748541696::CALLBACK INVOKED::Alias=Periodic_Timer, Priority=50, Deadline sec=0, nsec=400000
ROSMOD::DEBUG::1436820193748799612::CALLBACK ENQUEUE::Alias=Periodic_Timer, Priority=50, Deadline sec=0, nsec=400000
ROSMOD::DEBUG::1436820193748851837::CALLBACK INVOKED::Alias=Periodic_Timer, Priority=50, Deadline sec=0, nsec=400000
ROSMOD::DEBUG::1436820194749154523::CALLBACK ENQUEUE::Alias=Periodic_Timer, Priority=50, Deadline sec=0, nsec=400000
ROSMOD::DEBUG::1436820194749210259::CALLBACK INVOKED::Alias=Periodic_Timer, Priority=50, Deadline sec=0, nsec=400000
ROSMOD::DEBUG::1436820195748454120::CALLBACK ENQUEUE::Alias=Periodic_Timer, Priority=50, Deadline sec=0, nsec=400000
ROSMOD::DEBUG::1436820195748511735::CALLBACK INVOKED::Alias=Periodic_Timer, Priority=50, Deadline sec=0, nsec=400000
ROSMOD::DEBUG::1436820196748782659::CALLBACK ENQUEUE::Alias=Periodic_Timer, Priority=50, Deadline sec=0, nsec=400000
ROSMOD::DEBUG::1436820196748829062::CALLBACK INVOKED::Alias=Periodic_Timer, Priority=50, Deadline sec=0, nsec=400000
ROSMOD::DEBUG::1436820197749155736::CALLBACK ENQUEUE::Alias=Periodic_Timer, Priority=50, Deadline sec=0, nsec=400000
ROSMOD::DEBUG::1436820197749292282::CALLBACK INVOKED::Alias=Periodic_Timer, Priority=50, Deadline sec=0, nsec=400000
ROSMOD::DEBUG::1436820198748696067::CALLBACK ENQUEUE::Alias=Periodic_Timer, Priority=50, Deadline sec=0, nsec=400000
--------------------------------------------------------------------------------
ROSMOD::DEBUG::1436820330795813438::CALLBACK INVOKED::Alias=Init_Timer, Priority=50, Deadline sec=0, nsec=400000
ROSMOD::DEBUG::1436820330795834721::CALLBACK INVOKED::Alias=Sporadic_Timer, Priority=50, Deadline sec=0, nsec=400000
ROSMOD::DEBUG::1436820331796213687::CALLBACK ENQUEUE::Alias=Periodic_Timer, Priority=50, Deadline sec=0, nsec=400000
ROSMOD::DEBUG::1436820331796337398::CALLBACK INVOKED::Alias=Periodic_Timer, Priority=50, Deadline sec=0, nsec=400000
ROSMOD::DEBUG::1436820332796733612::CALLBACK ENQUEUE::Alias=Periodic_Timer, Priority=50, Deadline sec=0, nsec=400000
ROSMOD::DEBUG::1436820332796878958::CALLBACK INVOKED::Alias=Periodic_Timer, Priority=50, Deadline sec=0, nsec=400000
ROSMOD::DEBUG::1436820333796140100::CALLBACK ENQUEUE::Alias=Periodic_Timer, Priority=50, Deadline sec=0, nsec=400000
ROSMOD::DEBUG::1436820333796224974::CALLBACK INVOKED::Alias=Periodic_Timer, Priority=50, Deadline sec=0, nsec=400000
ROSMOD::DEBUG::1436820334796534413::CALLBACK ENQUEUE::Alias=Periodic_Timer, Priority=50, Deadline sec=0, nsec=400000
ROSMOD::DEBUG::1436820334796613407::CALLBACK INVOKED::Alias=Periodic_Timer, Priority=50, Deadline sec=0, nsec=400000
ROSMOD::DEBUG::1436820335795805329::CALLBACK ENQUEUE::Alias=Periodic_Timer, Priority=50, Deadline sec=0, nsec=400000
ROSMOD::DEBUG::1436820335795875215::CALLBACK INVOKED::Alias=Periodic_Timer, Priority=50, Deadline sec=0, nsec=400000
ROSMOD::DEBUG::1436820336796202666::CALLBACK ENQUEUE::Alias=Periodic_Timer, Priority=50, Deadline sec=0, nsec=400000
ROSMOD::DEBUG::1436820336796307622::CALLBACK INVOKED::Alias=Periodic_Timer, Priority=50, Deadline sec=0, nsec=400000
ROSMOD::DEBUG::1436820337796620885::CALLBACK ENQUEUE::Alias=Periodic_Timer, Priority=50, Deadline sec=0, nsec=400000
ROSMOD::DEBUG::1436820337796683865::CALLBACK INVOKED::Alias=Periodic_Timer, Priority=50, Deadline sec=0, nsec=400000
ROSMOD::DEBUG::1436820338795961302::CALLBACK ENQUEUE::Alias=Periodic_Timer, Priority=50, Deadline sec=0, nsec=400000
ROSMOD::DEBUG::1436820338796118271::CALLBACK INVOKED::Alias=Periodic_Timer, Priority=50, Deadline sec=0, nsec=400000
ROSMOD::DEBUG::1436820339796392106::CALLBACK ENQUEUE::Alias=Periodic_Timer, Priority=50, Deadline sec=0, nsec=400000
ROSMOD::DEBUG::1436820339796479032::CALLBACK INVOKED::Alias=Periodic_Timer, Priority=50, Deadline sec=0, nsec=400000
ROSMOD::DEBUG::1436820340796767437::CALLBACK ENQUEUE::Alias=Periodic_Timer, Priority=50, Deadline sec=0, nsec=400000
ROSMOD::DEBUG::1436820340796850170::CALLBACK INVOKED::Alias=Periodic_Timer, Priority=50, Deadline sec=0, nsec=400000
ROSMOD::DEBUG::1436820341796247525::CALLBACK ENQUEUE::Alias=Periodic_Timer, Priority=50, Deadline sec=0, nsec=400000
ROSMOD::DEBUG::1436820341796386035::CALLBACK INVOKED::Alias=Periodic_Timer, Priority=50, Deadline sec=0, nsec=400000
ROSMOD::DEBUG::1436820342796613816::CALLBACK ENQUEUE::Alias=Periodic_Timer, Priority=50, Deadline sec=0, nsec=400000
ROSMOD::DEBUG::1436820342796679846::CALLBACK INVOKED::Alias=Periodic_Timer, Priority=50, Deadline sec=0, nsec=400000
ROSMOD::DEBUG::1436820343796053704::CALLBACK ENQUEUE::Alias=Periodic_Timer, Priority=50, Deadline sec=0, nsec=400000
ROSMOD::DEBUG::1436820343796126973::CALLBACK INVOKED::Alias=Periodic_Timer, Priority=50, Deadline sec=0, nsec=400000
ROSMOD::DEBUG::1436820344796403004::CALLBACK ENQUEUE::Alias=Periodic_Timer, Priority=50, Deadline sec=0, nsec=400000
ROSMOD::DEBUG::1436820344796476521::CALLBACK INVOKED::Alias=Periodic_Timer, Priority=50, Deadline sec=0, nsec=400000
ROSMOD::DEBUG::1436820345796704904::CALLBACK ENQUEUE::Alias=Periodic_Timer, Priority=50, Deadline sec=0, nsec=400000
ROSMOD::DEBUG::1436820345796764654::CALLBACK INVOKED::Alias=Periodic_Timer, Priority=50, Deadline sec=0, nsec=400000
ROSMOD::DEBUG::1436820346796023951::CALLBACK ENQUEUE::Alias=Periodic_Timer, Priority=50, Deadline sec=0, nsec=400000
ROSMOD::DEBUG::1436820346796071602::CALLBACK INVOKED::Alias=Periodic_Timer, Priority=50, Deadline sec=0, nsec=400000
ROSMOD::DEBUG::1436820347796368819::CALLBACK ENQUEUE::Alias=Periodic_Timer, Priority=50, Deadline sec=0, nsec=400000
ROSMOD::DEBUG::1436820347796457795::CALLBACK INVOKED::Alias=Periodic_Timer, Priority=50, Deadline sec=0, nsec=400000
ROSMOD::DEBUG::1436820348796734805::CALLBACK ENQUEUE::Alias=Periodic_Timer, Priority=50, Deadline sec=0, nsec=400000
ROSMOD::DEBUG::1436820348796794536::CALLBACK INVOKED::Alias=Periodic_Timer, Priority=50, Deadline sec=0, nsec=400000
ROSMOD::DEBUG::1436820349796147085::CALLBACK ENQUEUE::Alias=Periodic_Timer, Priority=50, Deadline sec=0, nsec=400000
ROSMOD::DEBUG::1436820349796261628::CALLBACK INVOKED::Alias=Periodic_Timer, Priority=50, Deadline sec=0, nsec=400000
ROSMOD::DEBUG::1436820350796572896::CALLBACK ENQUEUE::Alias=Periodic_Timer, Priority=50, Deadline sec=0, nsec=400000
ROSMOD::DEBUG::1436820350796616332::CALLBACK INVOKED::Alias=Periodic_Timer, Priority=50, Deadline sec=0, nsec=400000
ROSMOD::DEBUG::1436820351795778564::CALLBACK ENQUEUE::Alias=Periodic_Timer, Priority=50, Deadline sec=0, nsec=400000
ROSMOD::DEBUG::1436820351795909897::CALLBACK INVOKED::Alias=Periodic_Timer, Priority=50, Deadline sec=0, nsec=400000
ROSMOD::DEBUG::1436820352796285616::CALLBACK ENQUEUE::Alias=Periodic_Timer, Priority=50, Deadline sec=0, nsec=400000
ROSMOD::DEBUG::1436820352796346488::CALLBACK INVOKED::Alias=Periodic_Timer, Priority=50, Deadline sec=0, nsec=400000
ROSMOD::DEBUG::1436820353796761069::CALLBACK ENQUEUE::Alias=Periodic_Timer, Priority=50, Deadline sec=0, nsec=400000
ROSMOD::DEBUG::1436820353796880304::CALLBACK INVOKED::Alias=Periodic_Timer, Priority=50, Deadline sec=0, nsec=400000
ROSMOD::DEBUG::1436820354796258671::CALLBACK ENQUEUE::Alias=Periodic_Timer, Priority=50, Deadline sec=0, nsec=400000
ROSMOD::DEBUG::1436820354796367182::CALLBACK INVOKED::Alias=Periodic_Timer, Priority=50, Deadline sec=0, nsec=400000
ROSMOD::DEBUG::1436820355796657970::CALLBACK ENQUEUE::Alias=Periodic_Timer, Priority=50, Deadline sec=0, nsec=400000
ROSMOD::DEBUG::1436820355796727737::CALLBACK INVOKED::Alias=Periodic_Timer, Priority=50, Deadline sec=0, nsec=400000
ROSMOD::DEBUG::1436820356796039245::CALLBACK ENQUEUE::Alias=Periodic_Timer, Priority=50, Deadline sec=0, nsec=400000
--------------------------------------------------------------------------------
ROSMOD::DEBUG::1436820534190669080::Entering Timer::Init
ROSMOD::DEBUG::1436820534190686578::Exiting Timer::Init
ROSMOD::DEBUG::1436820534190693421::CALLBACK INVOKED::Alias=Init_Timer, Priority=50, Deadline sec=0, nsec=400000
ROSMOD::DEBUG::1436820534190698425::Entering sporadic_timerCallback
ROSMOD::DEBUG::1436820534190699777::Exiting sporadic_timerCallback
ROSMOD::DEBUG::1436820534190709032::CALLBACK INVOKED::Alias=Sporadic_Timer, Priority=50, Deadline sec=0, nsec=400000
ROSMOD::DEBUG::1436820535190947549::CALLBACK ENQUEUE::Alias=Periodic_Timer, Priority=50, Deadline sec=0, nsec=400000
ROSMOD::DEBUG::1436820535190985375::Entering periodic_timerCallback
ROSMOD::DEBUG::1436820535190989654::Exiting periodic_timerCallback
ROSMOD::DEBUG::1436820535191002714::CALLBACK INVOKED::Alias=Periodic_Timer, Priority=50, Deadline sec=0, nsec=400000
ROSMOD::DEBUG::1436820536190188179::CALLBACK ENQUEUE::Alias=Periodic_Timer, Priority=50, Deadline sec=0, nsec=400000
ROSMOD::DEBUG::1436820536190275010::Entering periodic_timerCallback
ROSMOD::DEBUG::1436820536190280330::Exiting periodic_timerCallback
ROSMOD::DEBUG::1436820536190292924::CALLBACK INVOKED::Alias=Periodic_Timer, Priority=50, Deadline sec=0, nsec=400000
ROSMOD::DEBUG::1436820537190659638::CALLBACK ENQUEUE::Alias=Periodic_Timer, Priority=50, Deadline sec=0, nsec=400000
ROSMOD::DEBUG::1436820537190711541::Entering periodic_timerCallback
ROSMOD::DEBUG::1436820537190717399::Exiting periodic_timerCallback
ROSMOD::DEBUG::1436820537190730542::CALLBACK INVOKED::Alias=Periodic_Timer, Priority=50, Deadline sec=0, nsec=400000
ROSMOD::DEBUG::1436820538191040775::CALLBACK ENQUEUE::Alias=Periodic_Timer, Priority=50, Deadline sec=0, nsec=400000
ROSMOD::DEBUG::1436820538191094300::Entering periodic_timerCallback
ROSMOD::DEBUG::1436820538191100266::Exiting periodic_timerCallback
ROSMOD::DEBUG::1436820538191132903::CALLBACK INVOKED::Alias=Periodic_Timer, Priority=50, Deadline sec=0, nsec=400000
ROSMOD::DEBUG::1436820539190461028::CALLBACK ENQUEUE::Alias=Periodic_Timer, Priority=50, Deadline sec=0, nsec=400000
ROSMOD::DEBUG::1436820539190546736::Entering periodic_timerCallback
ROSMOD::DEBUG::1436820539190553688::Exiting periodic_timerCallback
ROSMOD::DEBUG::1436820539190570553::CALLBACK INVOKED::Alias=Periodic_Timer, Priority=50, Deadline sec=0, nsec=400000
ROSMOD::DEBUG::1436820540190981956::CALLBACK ENQUEUE::Alias=Periodic_Timer, Priority=50, Deadline sec=0, nsec=400000
ROSMOD::DEBUG::1436820540191090983::Entering periodic_timerCallback
ROSMOD::DEBUG::1436820540191106624::Exiting periodic_timerCallback
ROSMOD::DEBUG::1436820540191140382::CALLBACK INVOKED::Alias=Periodic_Timer, Priority=50, Deadline sec=0, nsec=400000
ROSMOD::DEBUG::1436820541190453517::CALLBACK ENQUEUE::Alias=Periodic_Timer, Priority=50, Deadline sec=0, nsec=400000
ROSMOD::DEBUG::1436820541190501327::Entering periodic_timerCallback
ROSMOD::DEBUG::1436820541190506295::Exiting periodic_timerCallback
ROSMOD::DEBUG::1436820541190519449::CALLBACK INVOKED::Alias=Periodic_Timer, Priority=50, Deadline sec=0, nsec=400000
ROSMOD::DEBUG::1436820542190933004::CALLBACK ENQUEUE::Alias=Periodic_Timer, Priority=50, Deadline sec=0, nsec=400000
ROSMOD::DEBUG::1436820542191104330::Entering periodic_timerCallback
ROSMOD::DEBUG::1436820542191124436::Exiting periodic_timerCallback
ROSMOD::DEBUG::1436820542191161582::CALLBACK INVOKED::Alias=Periodic_Timer, Priority=50, Deadline sec=0, nsec=400000
ROSMOD::DEBUG::1436820543190488727::CALLBACK ENQUEUE::Alias=Periodic_Timer, Priority=50, Deadline sec=0, nsec=400000
ROSMOD::DEBUG::1436820543190534832::Entering periodic_timerCallback
ROSMOD::DEBUG::1436820543190539286::Exiting periodic_timerCallback
ROSMOD::DEBUG::1436820543190549997::CALLBACK INVOKED::Alias=Periodic_Timer, Priority=50, Deadline sec=0, nsec=400000
ROSMOD::DEBUG::1436820544190855426::CALLBACK ENQUEUE::Alias=Periodic_Timer, Priority=50, Deadline sec=0, nsec=400000
ROSMOD::DEBUG::1436820544190924313::Entering periodic_timerCallback
ROSMOD::DEBUG::1436820544190930342::Exiting periodic_timerCallback
ROSMOD::DEBUG::1436820544190943315::CALLBACK INVOKED::Alias=Periodic_Timer, Priority=50, Deadline sec=0, nsec=400000
ROSMOD::DEBUG::1436820545190116492::CALLBACK ENQUEUE::Alias=Periodic_Timer, Priority=50, Deadline sec=0, nsec=400000
ROSMOD::DEBUG::1436820545190208069::Entering periodic_timerCallback
ROSMOD::DEBUG::1436820545190214015::Exiting periodic_timerCallback
ROSMOD::DEBUG::1436820545190227043::CALLBACK INVOKED::Alias=Periodic_Timer, Priority=50, Deadline sec=0, nsec=400000
ROSMOD::DEBUG::1436820546190561194::CALLBACK ENQUEUE::Alias=Periodic_Timer, Priority=50, Deadline sec=0, nsec=400000
ROSMOD::DEBUG::1436820546190661757::Entering periodic_timerCallback
ROSMOD::DEBUG::1436820546190674536::Exiting periodic_timerCallback
ROSMOD::DEBUG::1436820546190702666::CALLBACK INVOKED::Alias=Periodic_Timer, Priority=50, Deadline sec=0, nsec=400000
ROSMOD::DEBUG::1436820547191009204::CALLBACK ENQUEUE::Alias=Periodic_Timer, Priority=50, Deadline sec=0, nsec=400000
ROSMOD::DEBUG::1436820547191085995::Entering periodic_timerCallback
ROSMOD::DEBUG::1436820547191091608::Exiting periodic_timerCallback
ROSMOD::DEBUG::1436820547191104242::CALLBACK INVOKED::Alias=Periodic_Timer, Priority=50, Deadline sec=0, nsec=400000
ROSMOD::DEBUG::1436820548190398285::CALLBACK ENQUEUE::Alias=Periodic_Timer, Priority=50, Deadline sec=0, nsec=400000
ROSMOD::DEBUG::1436820548190462164::Entering periodic_timerCallback
ROSMOD::DEBUG::1436820548190469180::Exiting periodic_timerCallback
ROSMOD::DEBUG::1436820548190483814::CALLBACK INVOKED::Alias=Periodic_Timer, Priority=50, Deadline sec=0, nsec=400000
ROSMOD::DEBUG::1436820549190906275::CALLBACK ENQUEUE::Alias=Periodic_Timer, Priority=50, Deadline sec=0, nsec=400000
ROSMOD::DEBUG::1436820549191010897::Entering periodic_timerCallback
ROSMOD::DEBUG::1436820549191023752::Exiting periodic_timerCallback
ROSMOD::DEBUG::1436820549191051541::CALLBACK INVOKED::Alias=Periodic_Timer, Priority=50, Deadline sec=0, nsec=400000
ROSMOD::DEBUG::1436820550190339877::CALLBACK ENQUEUE::Alias=Periodic_Timer, Priority=50, Deadline sec=0, nsec=400000
ROSMOD::DEBUG::1436820550190381866::Entering periodic_timerCallback
ROSMOD::DEBUG::1436820550190386446::Exiting periodic_timerCallback
ROSMOD::DEBUG::1436820550190396824::CALLBACK INVOKED::Alias=Periodic_Timer, Priority=50, Deadline sec=0, nsec=400000
ROSMOD::DEBUG::1436820551190702589::CALLBACK ENQUEUE::Alias=Periodic_Timer, Priority=50, Deadline sec=0, nsec=400000
ROSMOD::DEBUG::1436820551190778817::Entering periodic_timerCallback
ROSMOD::DEBUG::1436820551190783445::Exiting periodic_timerCallback
ROSMOD::DEBUG::1436820551190796983::CALLBACK INVOKED::Alias=Periodic_Timer, Priority=50, Deadline sec=0, nsec=400000
ROSMOD::DEBUG::1436820552191088508::CALLBACK ENQUEUE::Alias=Periodic_Timer, Priority=50, Deadline sec=0, nsec=400000
ROSMOD::DEBUG::1436820552191164818::Entering periodic_timerCallback
ROSMOD::DEBUG::1436820552191172558::Exiting periodic_timerCallback
ROSMOD::DEBUG::1436820552191185573::CALLBACK INVOKED::Alias=Periodic_Timer, Priority=50, Deadline sec=0, nsec=400000
ROSMOD::DEBUG::1436820553190497274::CALLBACK ENQUEUE::Alias=Periodic_Timer, Priority=50, Deadline sec=0, nsec=400000
ROSMOD::DEBUG::1436820553190549430::Entering periodic_timerCallback
ROSMOD::DEBUG::1436820553190554333::Exiting periodic_timerCallback
ROSMOD::DEBUG::1436820553190567015::CALLBACK INVOKED::Alias=Periodic_Timer, Priority=50, Deadline sec=0, nsec=400000
ROSMOD::DEBUG::1436820554190860107::CALLBACK ENQUEUE::Alias=Periodic_Timer, Priority=50, Deadline sec=0, nsec=400000
ROSMOD::DEBUG::1436820554190978137::Entering periodic_timerCallback
ROSMOD::DEBUG::1436820554190983857::Exiting periodic_timerCallback
ROSMOD::DEBUG::1436820554190997794::CALLBACK INVOKED::Alias=Periodic_Timer, Priority=50, Deadline sec=0, nsec=400000
ROSMOD::DEBUG::1436820555190143172::CALLBACK ENQUEUE::Alias=Periodic_Timer, Priority=50, Deadline sec=0, nsec=400000
ROSMOD::DEBUG::1436820555190179399::Entering periodic_timerCallback
ROSMOD::DEBUG::1436820555190184737::Exiting periodic_timerCallback
ROSMOD::DEBUG::1436820555190197908::CALLBACK INVOKED::Alias=Periodic_Timer, Priority=50, Deadline sec=0, nsec=400000
ROSMOD::DEBUG::1436820556190524936::CALLBACK ENQUEUE::Alias=Periodic_Timer, Priority=50, Deadline sec=0, nsec=400000
ROSMOD::DEBUG::1436820556190636253::Entering periodic_timerCallback
ROSMOD::DEBUG::1436820556190650631::Exiting periodic_timerCallback
ROSMOD::DEBUG::1436820556190681192::CALLBACK INVOKED::Alias=Periodic_Timer, Priority=50, Deadline sec=0, nsec=400000
ROSMOD::DEBUG::1436820557191083393::CALLBACK ENQUEUE::Alias=Periodic_Timer, Priority=50, Deadline sec=0, nsec=400000
ROSMOD::DEBUG::1436820557191222259::Entering periodic_timerCallback
ROSMOD::DEBUG::1436820557191235986::Exiting periodic_timerCallback
ROSMOD::DEBUG::1436820557191265735::CALLBACK INVOKED::Alias=Periodic_Timer, Priority=50, Deadline sec=0, nsec=400000
ROSMOD::DEBUG::1436820558190598065::CALLBACK ENQUEUE::Alias=Periodic_Timer, Priority=50, Deadline sec=0, nsec=400000
ROSMOD::DEBUG::1436820558190650976::Entering periodic_timerCallback
ROSMOD::DEBUG::1436820558190656803::Exiting periodic_timerCallback
ROSMOD::DEBUG::1436820558190670026::CALLBACK INVOKED::Alias=Periodic_Timer, Priority=50, Deadline sec=0, nsec=400000
ROSMOD::DEBUG::1436820559190968678::CALLBACK ENQUEUE::Alias=Periodic_Timer, Priority=50, Deadline sec=0, nsec=400000
ROSMOD::DEBUG::1436820559191013181::Entering periodic_timerCallback
ROSMOD::DEBUG::1436820559191017846::Exiting periodic_timerCallback
ROSMOD::DEBUG::1436820559191027832::CALLBACK INVOKED::Alias=Periodic_Timer, Priority=50, Deadline sec=0, nsec=400000
ROSMOD::DEBUG::1436820560190229305::CALLBACK ENQUEUE::Alias=Periodic_Timer, Priority=50, Deadline sec=0, nsec=400000
ROSMOD::DEBUG::1436820560190300554::Entering periodic_timerCallback
ROSMOD::DEBUG::1436820560190306517::Exiting periodic_timerCallback
ROSMOD::DEBUG::1436820560190320124::CALLBACK INVOKED::Alias=Periodic_Timer, Priority=50, Deadline sec=0, nsec=400000
ROSMOD::DEBUG::1436820561190632197::CALLBACK ENQUEUE::Alias=Periodic_Timer, Priority=50, Deadline sec=0, nsec=400000
ROSMOD::DEBUG::1436820561190739084::Entering periodic_timerCallback
ROSMOD::DEBUG::1436820561190751698::Exiting periodic_timerCallback
ROSMOD::DEBUG::1436820561190779958::CALLBACK INVOKED::Alias=Periodic_Timer, Priority=50, Deadline sec=0, nsec=400000
ROSMOD::DEBUG::1436820562191112437::CALLBACK ENQUEUE::Alias=Periodic_Timer, Priority=50, Deadline sec=0, nsec=400000
ROSMOD::DEBUG::1436820562191165346::Entering periodic_timerCallback
ROSMOD::DEBUG::1436820562191171150::Exiting periodic_timerCallback
ROSMOD::DEBUG::1436820562191184285::CALLBACK INVOKED::Alias=Periodic_Timer, Priority=50, Deadline sec=0, nsec=400000
ROSMOD::DEBUG::1436820563190496880::CALLBACK ENQUEUE::Alias=Periodic_Timer, Priority=50, Deadline sec=0, nsec=400000
ROSMOD::DEBUG::1436820563190546886::Entering periodic_timerCallback
ROSMOD::DEBUG::1436820563190551784::Exiting periodic_timerCallback
ROSMOD::DEBUG::1436820563190563301::CALLBACK INVOKED::Alias=Periodic_Timer, Priority=50, Deadline sec=0, nsec=400000
ROSMOD::DEBUG::1436820564191026947::CALLBACK ENQUEUE::Alias=Periodic_Timer, Priority=50, Deadline sec=0, nsec=400000
ROSMOD::DEBUG::1436820564191184090::Entering periodic_timerCallback
ROSMOD::DEBUG::1436820564191195673::Exiting periodic_timerCallback
ROSMOD::DEBUG::1436820564191240623::CALLBACK INVOKED::Alias=Periodic_Timer, Priority=50, Deadline sec=0, nsec=400000
ROSMOD::DEBUG::1436820565190647130::CALLBACK ENQUEUE::Alias=Periodic_Timer, Priority=50, Deadline sec=0, nsec=400000
ROSMOD::DEBUG::1436820565190729476::Entering periodic_timerCallback
ROSMOD::DEBUG::1436820565190743668::Exiting periodic_timerCallback
ROSMOD::DEBUG::1436820565190775888::CALLBACK INVOKED::Alias=Periodic_Timer, Priority=50, Deadline sec=0, nsec=400000
ROSMOD::DEBUG::1436820566191080731::CALLBACK ENQUEUE::Alias=Periodic_Timer, Priority=50, Deadline sec=0, nsec=400000
ROSMOD::DEBUG::1436820566191169598::Entering periodic_timerCallback
ROSMOD::DEBUG::1436820566191175556::Exiting periodic_timerCallback
ROSMOD::DEBUG::1436820566191189522::CALLBACK INVOKED::Alias=Periodic_Timer, Priority=50, Deadline sec=0, nsec=400000
ROSMOD::DEBUG::1436820567190455185::CALLBACK ENQUEUE::Alias=Periodic_Timer, Priority=50, Deadline sec=0, nsec=400000
ROSMOD::DEBUG::1436820567190485990::Entering periodic_timerCallback
ROSMOD::DEBUG::1436820567190490333::Exiting periodic_timerCallback
ROSMOD::DEBUG::1436820567190500093::CALLBACK INVOKED::Alias=Periodic_Timer, Priority=50, Deadline sec=0, nsec=400000
ROSMOD::DEBUG::1436820568190826203::CALLBACK ENQUEUE::Alias=Periodic_Timer, Priority=50, Deadline sec=0, nsec=400000
ROSMOD::DEBUG::1436820568190892708::Entering periodic_timerCallback
ROSMOD::DEBUG::1436820568190898564::Exiting periodic_timerCallback
ROSMOD::DEBUG::1436820568190911494::CALLBACK INVOKED::Alias=Periodic_Timer, Priority=50, Deadline sec=0, nsec=400000
ROSMOD::DEBUG::1436820569190163444::CALLBACK ENQUEUE::Alias=Periodic_Timer, Priority=50, Deadline sec=0, nsec=400000
ROSMOD::DEBUG::1436820569190310589::Entering periodic_timerCallback
ROSMOD::DEBUG::1436820569190323986::Exiting periodic_timerCallback
ROSMOD::DEBUG::1436820569190354235::CALLBACK INVOKED::Alias=Periodic_Timer, Priority=50, Deadline sec=0, nsec=400000
ROSMOD::DEBUG::1436820570190747571::CALLBACK ENQUEUE::Alias=Periodic_Timer, Priority=50, Deadline sec=0, nsec=400000
ROSMOD::DEBUG::1436820570190817957::Entering periodic_timerCallback
ROSMOD::DEBUG::1436820570190825594::Exiting periodic_timerCallback
ROSMOD::DEBUG::1436820570190843167::CALLBACK INVOKED::Alias=Periodic_Timer, Priority=50, Deadline sec=0, nsec=400000
ROSMOD::DEBUG::1436820571191182377::CALLBACK ENQUEUE::Alias=Periodic_Timer, Priority=50, Deadline sec=0, nsec=400000
ROSMOD::DEBUG::1436820571191286427::Entering periodic_timerCallback
ROSMOD::DEBUG::1436820571191299016::Exiting periodic_timerCallback
ROSMOD::DEBUG::1436820571191327051::CALLBACK INVOKED::Alias=Periodic_Timer, Priority=50, Deadline sec=0, nsec=400000
ROSMOD::DEBUG::1436820572190620828::CALLBACK ENQUEUE::Alias=Periodic_Timer, Priority=50, Deadline sec=0, nsec=400000
ROSMOD::DEBUG::1436820572190713514::Entering periodic_timerCallback
ROSMOD::DEBUG::1436820572190719422::Exiting periodic_timerCallback
ROSMOD::DEBUG::1436820572190733122::CALLBACK INVOKED::Alias=Periodic_Timer, Priority=50, Deadline sec=0, nsec=400000
ROSMOD::DEBUG::1436820573190983894::CALLBACK ENQUEUE::Alias=Periodic_Timer, Priority=50, Deadline sec=0, nsec=400000
ROSMOD::DEBUG::1436820573191048223::Entering periodic_timerCallback
ROSMOD::DEBUG::1436820573191052787::Exiting periodic_timerCallback
ROSMOD::DEBUG::1436820573191063011::CALLBACK INVOKED::Alias=Periodic_Timer, Priority=50, Deadline sec=0, nsec=400000
ROSMOD::DEBUG::1436820574190295959::CALLBACK ENQUEUE::Alias=Periodic_Timer, Priority=50, Deadline sec=0, nsec=400000
ROSMOD::DEBUG::1436820574190329899::Entering periodic_timerCallback
ROSMOD::DEBUG::1436820574190336371::Exiting periodic_timerCallback
ROSMOD::DEBUG::1436820574190348680::CALLBACK INVOKED::Alias=Periodic_Timer, Priority=50, Deadline sec=0, nsec=400000
ROSMOD::DEBUG::1436820575190643011::CALLBACK ENQUEUE::Alias=Periodic_Timer, Priority=50, Deadline sec=0, nsec=400000
ROSMOD::DEBUG::1436820575190733967::Entering periodic_timerCallback
ROSMOD::DEBUG::1436820575190738611::Exiting periodic_timerCallback
ROSMOD::DEBUG::1436820575190751892::CALLBACK INVOKED::Alias=Periodic_Timer, Priority=50, Deadline sec=0, nsec=400000
ROSMOD::DEBUG::1436820576191058666::CALLBACK ENQUEUE::Alias=Periodic_Timer, Priority=50, Deadline sec=0, nsec=400000
ROSMOD::DEBUG::1436820576191094594::Entering periodic_timerCallback
ROSMOD::DEBUG::1436820576191098987::Exiting periodic_timerCallback
ROSMOD::DEBUG::1436820576191109594::CALLBACK INVOKED::Alias=Periodic_Timer, Priority=50, Deadline sec=0, nsec=400000
ROSMOD::DEBUG::1436820577190369997::CALLBACK ENQUEUE::Alias=Periodic_Timer, Priority=50, Deadline sec=0, nsec=400000
ROSMOD::DEBUG::1436820577190405472::Entering periodic_timerCallback
ROSMOD::DEBUG::1436820577190410074::Exiting periodic_timerCallback
ROSMOD::DEBUG::1436820577190420269::CALLBACK INVOKED::Alias=Periodic_Timer, Priority=50, Deadline sec=0, nsec=400000
ROSMOD::DEBUG::1436820578190765326::CALLBACK ENQUEUE::Alias=Periodic_Timer, Priority=50, Deadline sec=0, nsec=400000
ROSMOD::DEBUG::1436820578190946999::Entering periodic_timerCallback
ROSMOD::DEBUG::1436820578190961788::Exiting periodic_timerCallback
ROSMOD::DEBUG::1436820578190992293::CALLBACK INVOKED::Alias=Periodic_Timer, Priority=50, Deadline sec=0, nsec=400000
ROSMOD::DEBUG::1436820579190277215::CALLBACK ENQUEUE::Alias=Periodic_Timer, Priority=50, Deadline sec=0, nsec=400000
ROSMOD::DEBUG::1436820579190370942::Entering periodic_timerCallback
ROSMOD::DEBUG::1436820579190383396::Exiting periodic_timerCallback
ROSMOD::DEBUG::1436820579190410238::CALLBACK INVOKED::Alias=Periodic_Timer, Priority=50, Deadline sec=0, nsec=400000
ROSMOD::DEBUG::1436820580190737686::CALLBACK ENQUEUE::Alias=Periodic_Timer, Priority=50, Deadline sec=0, nsec=400000
ROSMOD::DEBUG::1436820580190792272::Entering periodic_timerCallback
ROSMOD::DEBUG::1436820580190798119::Exiting periodic_timerCallback
ROSMOD::DEBUG::1436820580190810637::CALLBACK INVOKED::Alias=Periodic_Timer, Priority=50, Deadline sec=0, nsec=400000
ROSMOD::DEBUG::1436820581191182093::CALLBACK ENQUEUE::Alias=Periodic_Timer, Priority=50, Deadline sec=0, nsec=400000
ROSMOD::DEBUG::1436820581191285903::Entering periodic_timerCallback
ROSMOD::DEBUG::1436820581191297665::Exiting periodic_timerCallback
ROSMOD::DEBUG::1436820581191327870::CALLBACK INVOKED::Alias=Periodic_Timer, Priority=50, Deadline sec=0, nsec=400000
ROSMOD::DEBUG::1436820582190613493::CALLBACK ENQUEUE::Alias=Periodic_Timer, Priority=50, Deadline sec=0, nsec=400000
ROSMOD::DEBUG::1436820582190667830::Entering periodic_timerCallback
ROSMOD::DEBUG::1436820582190673701::Exiting periodic_timerCallback
ROSMOD::DEBUG::1436820582190687208::CALLBACK INVOKED::Alias=Periodic_Timer, Priority=50, Deadline sec=0, nsec=400000
ROSMOD::DEBUG::1436820583191009100::CALLBACK ENQUEUE::Alias=Periodic_Timer, Priority=50, Deadline sec=0, nsec=400000
ROSMOD::DEBUG::1436820583191110795::Entering periodic_timerCallback
ROSMOD::DEBUG::1436820583191123900::Exiting periodic_timerCallback
ROSMOD::DEBUG::1436820583191152070::CALLBACK INVOKED::Alias=Periodic_Timer, Priority=50, Deadline sec=0, nsec=400000
ROSMOD::DEBUG::1436820584190447578::CALLBACK ENQUEUE::Alias=Periodic_Timer, Priority=50, Deadline sec=0, nsec=400000
